<?xml version="1.0" encoding="UTF-8"?>
<!-- Generated by org.testng.reporters.JUnitReportReporter -->
<testsuite hostname="Agneses-MacBook-Air.local" failures="0" tests="4" name="mavenTestNGHomework.CalculatorForHomeTest" time="0.015" errors="0" timestamp="2022-07-10T13:06:12 EEST" skipped="0">
  <testcase classname="mavenTestNGHomework.CalculatorForHomeTest" name="testDivideMethod" time="0.001"/>
  <system-out/>
  <testcase classname="mavenTestNGHomework.CalculatorForHomeTest" name="testMultiplyMethod" time="0.003"/>
  <system-out/>
  <testcase classname="mavenTestNGHomework.CalculatorForHomeTest" name="testAddMethod" time="0.006"/>
  <system-out/>
  <testcase classname="mavenTestNGHomework.CalculatorForHomeTest" name="testSubtractMethod" time="0.005"/>
  <system-out/>
</testsuite> <!-- mavenTestNGHomework.CalculatorForHomeTest -->
